Determining if the pthread_create exist failed with the following output:
Change Dir: /home/viet/treeseg/build/CMakeFiles/CMakeTmp

Run Build Command:"/usr/bin/make" "cmTC_1c167/fast"
/usr/bin/make -f CMakeFiles/cmTC_1c167.dir/build.make CMakeFiles/cmTC_1c167.dir/build
make[1]: Entering directory '/home/viet/treeseg/build/CMakeFiles/CMakeTmp'
Building C object CMakeFiles/cmTC_1c167.dir/CheckSymbolExists.c.o
/usr/bin/cc    -o CMakeFiles/cmTC_1c167.dir/CheckSymbolExists.c.o   -c /home/viet/treeseg/build/CMakeFiles/CMakeTmp/CheckSymbolExists.c
Linking C executable cmTC_1c167
/usr/bin/cmake -E cmake_link_script CMakeFiles/cmTC_1c167.dir/link.txt --verbose=1
/usr/bin/cc      -rdynamic CMakeFiles/cmTC_1c167.dir/CheckSymbolExists.c.o  -o cmTC_1c167 
CMakeFiles/cmTC_1c167.dir/CheckSymbolExists.c.o: In function `main':
CheckSymbolExists.c:(.text+0x1b): undefined reference to `pthread_create'
collect2: error: ld returned 1 exit status
CMakeFiles/cmTC_1c167.dir/build.make:97: recipe for target 'cmTC_1c167' failed
make[1]: *** [cmTC_1c167] Error 1
make[1]: Leaving directory '/home/viet/treeseg/build/CMakeFiles/CMakeTmp'
Makefile:126: recipe for target 'cmTC_1c167/fast' failed
make: *** [cmTC_1c167/fast] Error 2

File /home/viet/treeseg/build/CMakeFiles/CMakeTmp/CheckSymbolExists.c:
/* */
#include <pthread.h>

int main(int argc, char** argv)
{
  (void)argv;
#ifndef pthread_create
  return ((int*)(&pthread_create))[argc];
#else
  (void)argc;
  return 0;
#endif
}

Determining if the function pthread_create exists in the pthreads failed with the following output:
Change Dir: /home/viet/treeseg/build/CMakeFiles/CMakeTmp

Run Build Command:"/usr/bin/make" "cmTC_c5d2d/fast"
/usr/bin/make -f CMakeFiles/cmTC_c5d2d.dir/build.make CMakeFiles/cmTC_c5d2d.dir/build
make[1]: Entering directory '/home/viet/treeseg/build/CMakeFiles/CMakeTmp'
Building C object CMakeFiles/cmTC_c5d2d.dir/CheckFunctionExists.c.o
/usr/bin/cc   -DCHECK_FUNCTION_EXISTS=pthread_create   -o CMakeFiles/cmTC_c5d2d.dir/CheckFunctionExists.c.o   -c /usr/share/cmake-3.10/Modules/CheckFunctionExists.c
Linking C executable cmTC_c5d2d
/usr/bin/cmake -E cmake_link_script CMakeFiles/cmTC_c5d2d.dir/link.txt --verbose=1
/usr/bin/cc  -DCHECK_FUNCTION_EXISTS=pthread_create    -rdynamic CMakeFiles/cmTC_c5d2d.dir/CheckFunctionExists.c.o  -o cmTC_c5d2d -lpthreads 
/usr/bin/ld: cannot find -lpthreads
collect2: error: ld returned 1 exit status
CMakeFiles/cmTC_c5d2d.dir/build.make:97: recipe for target 'cmTC_c5d2d' failed
make[1]: *** [cmTC_c5d2d] Error 1
make[1]: Leaving directory '/home/viet/treeseg/build/CMakeFiles/CMakeTmp'
Makefile:126: recipe for target 'cmTC_c5d2d/fast' failed
make: *** [cmTC_c5d2d/fast] Error 2


